<?xml version="1.0" encoding="UTF-8"?>
<coverage generated="1592677554890" clover="3.2.0">
  <project timestamp="1592677554890" name="All files">
    <metrics statements="103" coveredstatements="26" conditionals="19" coveredconditionals="6" methods="34" coveredmethods="6" elements="156" coveredelements="38" complexity="0" loc="103" ncloc="103" packages="9" files="9" classes="9"/>
    <package name="components.Button">
      <metrics statements="2" coveredstatements="2" conditionals="0" coveredconditionals="0" methods="1" coveredmethods="1"/>
      <file name="index.tsx" path="/home/noboru/projects/rocketseat/ts-bootcamp/gobarber-mobile-typescript/src/components/Button/index.tsx">
        <metrics statements="2" coveredstatements="2" conditionals="0" coveredconditionals="0" methods="1" coveredmethods="1"/>
        <line num="10" count="1" type="stmt"/>
        <line num="11" count="1" type="stmt"/>
      </file>
    </package>
    <package name="components.Input">
      <metrics statements="21" coveredstatements="12" conditionals="5" coveredconditionals="4" methods="9" coveredmethods="3"/>
      <file name="index.tsx" path="/home/noboru/projects/rocketseat/ts-bootcamp/gobarber-mobile-typescript/src/components/Input/index.tsx">
        <metrics statements="21" coveredstatements="12" conditionals="5" coveredconditionals="4" methods="9" coveredmethods="3"/>
        <line num="27" count="1" type="stmt"/>
        <line num="31" count="2" type="stmt"/>
        <line num="33" count="2" type="cond" truecount="1" falsecount="0"/>
        <line num="34" count="2" type="stmt"/>
        <line num="36" count="2" type="stmt"/>
        <line num="37" count="2" type="stmt"/>
        <line num="39" count="2" type="stmt"/>
        <line num="40" count="0" type="stmt"/>
        <line num="43" count="2" type="stmt"/>
        <line num="44" count="0" type="stmt"/>
        <line num="45" count="0" type="stmt"/>
        <line num="48" count="2" type="stmt"/>
        <line num="50" count="0" type="stmt"/>
        <line num="54" count="2" type="stmt"/>
        <line num="55" count="2" type="stmt"/>
        <line num="60" count="0" type="stmt"/>
        <line num="61" count="0" type="stmt"/>
        <line num="64" count="0" type="stmt"/>
        <line num="65" count="0" type="stmt"/>
        <line num="70" count="2" type="stmt"/>
        <line num="85" count="0" type="stmt"/>
      </file>
    </package>
    <package name="hooks">
      <metrics statements="23" coveredstatements="5" conditionals="6" coveredconditionals="1" methods="6" coveredmethods="1"/>
      <file name="auth.tsx" path="/home/noboru/projects/rocketseat/ts-bootcamp/gobarber-mobile-typescript/src/hooks/auth.tsx">
        <metrics statements="23" coveredstatements="5" conditionals="6" coveredconditionals="1" methods="6" coveredmethods="1"/>
        <line num="29" count="1" type="stmt"/>
        <line num="31" count="1" type="stmt"/>
        <line num="32" count="0" type="stmt"/>
        <line num="33" count="0" type="stmt"/>
        <line num="35" count="0" type="stmt"/>
        <line num="37" count="0" type="stmt"/>
        <line num="42" count="0" type="cond" truecount="0" falsecount="4"/>
        <line num="43" count="0" type="stmt"/>
        <line num="46" count="0" type="stmt"/>
        <line num="49" count="0" type="stmt"/>
        <line num="52" count="0" type="stmt"/>
        <line num="53" count="0" type="stmt"/>
        <line num="55" count="0" type="stmt"/>
        <line num="57" count="0" type="stmt"/>
        <line num="62" count="0" type="stmt"/>
        <line num="65" count="0" type="stmt"/>
        <line num="66" count="0" type="stmt"/>
        <line num="68" count="0" type="stmt"/>
        <line num="71" count="0" type="stmt"/>
        <line num="79" count="1" type="stmt"/>
        <line num="81" count="1" type="cond" truecount="1" falsecount="1"/>
        <line num="82" count="0" type="stmt"/>
        <line num="85" count="1" type="stmt"/>
      </file>
    </package>
    <package name="pages.AppointmentCreated">
      <metrics statements="2" coveredstatements="0" conditionals="0" coveredconditionals="0" methods="1" coveredmethods="0"/>
      <file name="index.tsx" path="/home/noboru/projects/rocketseat/ts-bootcamp/gobarber-mobile-typescript/src/pages/AppointmentCreated/index.tsx">
        <metrics statements="2" coveredstatements="0" conditionals="0" coveredconditionals="0" methods="1" coveredmethods="0"/>
        <line num="4" count="0" type="stmt"/>
        <line num="5" count="0" type="stmt"/>
      </file>
    </package>
    <package name="pages.CreateAppointment">
      <metrics statements="2" coveredstatements="0" conditionals="0" coveredconditionals="0" methods="1" coveredmethods="0"/>
      <file name="index.tsx" path="/home/noboru/projects/rocketseat/ts-bootcamp/gobarber-mobile-typescript/src/pages/CreateAppointment/index.tsx">
        <metrics statements="2" coveredstatements="0" conditionals="0" coveredconditionals="0" methods="1" coveredmethods="0"/>
        <line num="4" count="0" type="stmt"/>
        <line num="5" count="0" type="stmt"/>
      </file>
    </package>
    <package name="pages.Dashboard">
      <metrics statements="3" coveredstatements="0" conditionals="0" coveredconditionals="0" methods="1" coveredmethods="0"/>
      <file name="index.tsx" path="/home/noboru/projects/rocketseat/ts-bootcamp/gobarber-mobile-typescript/src/pages/Dashboard/index.tsx">
        <metrics statements="3" coveredstatements="0" conditionals="0" coveredconditionals="0" methods="1" coveredmethods="0"/>
        <line num="7" count="0" type="stmt"/>
        <line num="8" count="0" type="stmt"/>
        <line num="10" count="0" type="stmt"/>
      </file>
    </package>
    <package name="pages.Profile">
      <metrics statements="2" coveredstatements="0" conditionals="0" coveredconditionals="0" methods="1" coveredmethods="0"/>
      <file name="index.tsx" path="/home/noboru/projects/rocketseat/ts-bootcamp/gobarber-mobile-typescript/src/pages/Profile/index.tsx">
        <metrics statements="2" coveredstatements="0" conditionals="0" coveredconditionals="0" methods="1" coveredmethods="0"/>
        <line num="4" count="0" type="stmt"/>
        <line num="5" count="0" type="stmt"/>
      </file>
    </package>
    <package name="pages.SignIn">
      <metrics statements="23" coveredstatements="7" conditionals="4" coveredconditionals="1" methods="7" coveredmethods="1"/>
      <file name="index.tsx" path="/home/noboru/projects/rocketseat/ts-bootcamp/gobarber-mobile-typescript/src/pages/SignIn/index.tsx">
        <metrics statements="23" coveredstatements="7" conditionals="4" coveredconditionals="1" methods="7" coveredmethods="1"/>
        <line num="40" count="1" type="stmt"/>
        <line num="41" count="1" type="stmt"/>
        <line num="42" count="1" type="stmt"/>
        <line num="43" count="1" type="stmt"/>
        <line num="45" count="1" type="stmt"/>
        <line num="47" count="1" type="stmt"/>
        <line num="48" count="0" type="stmt"/>
        <line num="49" count="0" type="stmt"/>
        <line num="51" count="0" type="stmt"/>
        <line num="58" count="0" type="stmt"/>
        <line num="62" count="0" type="stmt"/>
        <line num="64" count="0" type="stmt"/>
        <line num="66" count="0" type="cond" truecount="0" falsecount="2"/>
        <line num="67" count="0" type="stmt"/>
        <line num="69" count="0" type="stmt"/>
        <line num="71" count="0" type="stmt"/>
        <line num="74" count="0" type="stmt"/>
        <line num="81" count="1" type="stmt"/>
        <line num="109" count="0" type="stmt"/>
        <line num="121" count="0" type="stmt"/>
        <line num="127" count="0" type="stmt"/>
        <line num="136" count="0" type="stmt"/>
        <line num="145" count="0" type="stmt"/>
      </file>
    </package>
    <package name="pages.SignUp">
      <metrics statements="25" coveredstatements="0" conditionals="4" coveredconditionals="0" methods="7" coveredmethods="0"/>
      <file name="index.tsx" path="/home/noboru/projects/rocketseat/ts-bootcamp/gobarber-mobile-typescript/src/pages/SignUp/index.tsx">
        <metrics statements="25" coveredstatements="0" conditionals="4" coveredconditionals="0" methods="7" coveredmethods="0"/>
        <line num="34" count="0" type="stmt"/>
        <line num="35" count="0" type="stmt"/>
        <line num="36" count="0" type="stmt"/>
        <line num="37" count="0" type="stmt"/>
        <line num="38" count="0" type="stmt"/>
        <line num="40" count="0" type="stmt"/>
        <line num="42" count="0" type="stmt"/>
        <line num="43" count="0" type="stmt"/>
        <line num="45" count="0" type="stmt"/>
        <line num="53" count="0" type="stmt"/>
        <line num="57" count="0" type="stmt"/>
        <line num="59" count="0" type="stmt"/>
        <line num="61" count="0" type="stmt"/>
        <line num="63" count="0" type="stmt"/>
        <line num="68" count="0" type="cond" truecount="0" falsecount="2"/>
        <line num="69" count="0" type="stmt"/>
        <line num="71" count="0" type="stmt"/>
        <line num="73" count="0" type="stmt"/>
        <line num="76" count="0" type="stmt"/>
        <line num="85" count="0" type="stmt"/>
        <line num="111" count="0" type="stmt"/>
        <line num="125" count="0" type="stmt"/>
        <line num="138" count="0" type="stmt"/>
        <line num="144" count="0" type="stmt"/>
        <line num="154" count="0" type="stmt"/>
      </file>
    </package>
  </project>
</coverage>
