{"/home/noboru/projects/rocketseat/ts-bootcamp/gobarber-mobile-typescript/src/components/Button/index.tsx": {"path":"/home/noboru/projects/rocketseat/ts-bootcamp/gobarber-mobile-typescript/src/components/Button/index.tsx","statementMap":{"0":{"start":{"line":10,"column":38},"end":{"line":16,"column":1}},"1":{"start":{"line":11,"column":2},"end":{"line":15,"column":4}}},"fnMap":{"0":{"name":"(anonymous_0)","decl":{"start":{"line":10,"column":38},"end":{"line":10,"column":39}},"loc":{"start":{"line":10,"column":65},"end":{"line":16,"column":1}},"line":10}},"branchMap":{},"s":{"0":1,"1":1},"f":{"0":1},"b":{},"_coverageSchema":"43e27e138ebf9cfc5966b082cf9a028302ed4184","hash":"67f0da0920e9a3010653fb28359a96c2c2f7a7c8"}
,"/home/noboru/projects/rocketseat/ts-bootcamp/gobarber-mobile-typescript/src/components/Input/index.tsx": {"path":"/home/noboru/projects/rocketseat/ts-bootcamp/gobarber-mobile-typescript/src/components/Input/index.tsx","statementMap":{"0":{"start":{"line":27,"column":66},"end":{"line":91,"column":1}},"1":{"start":{"line":31,"column":26},"end":{"line":31,"column":43}},"2":{"start":{"line":33,"column":65},"end":{"line":33,"column":79}},"3":{"start":{"line":34,"column":24},"end":{"line":34,"column":76}},"4":{"start":{"line":36,"column":36},"end":{"line":36,"column":51}},"5":{"start":{"line":37,"column":34},"end":{"line":37,"column":49}},"6":{"start":{"line":39,"column":27},"end":{"line":41,"column":8}},"7":{"start":{"line":40,"column":4},"end":{"line":40,"column":23}},"8":{"start":{"line":43,"column":26},"end":{"line":46,"column":8}},"9":{"start":{"line":44,"column":4},"end":{"line":44,"column":24}},"10":{"start":{"line":45,"column":4},"end":{"line":45,"column":47}},"11":{"start":{"line":48,"column":2},"end":{"line":52,"column":6}},"12":{"start":{"line":48,"column":34},"end":{"line":52,"column":3}},"13":{"start":{"line":50,"column":6},"end":{"line":50,"column":38}},"14":{"start":{"line":54,"column":2},"end":{"line":68,"column":33}},"15":{"start":{"line":55,"column":4},"end":{"line":67,"column":7}},"16":{"start":{"line":60,"column":8},"end":{"line":60,"column":44}},"17":{"start":{"line":61,"column":8},"end":{"line":61,"column":64}},"18":{"start":{"line":64,"column":8},"end":{"line":64,"column":41}},"19":{"start":{"line":65,"column":8},"end":{"line":65,"column":40}},"20":{"start":{"line":70,"column":2},"end":{"line":90,"column":4}},"21":{"start":{"line":85,"column":10},"end":{"line":85,"column":46}}},"fnMap":{"0":{"name":"(anonymous_0)","decl":{"start":{"line":27,"column":66},"end":{"line":27,"column":67}},"loc":{"start":{"line":30,"column":5},"end":{"line":91,"column":1}},"line":30},"1":{"name":"(anonymous_1)","decl":{"start":{"line":39,"column":39},"end":{"line":39,"column":40}},"loc":{"start":{"line":39,"column":45},"end":{"line":41,"column":3}},"line":39},"2":{"name":"(anonymous_2)","decl":{"start":{"line":43,"column":38},"end":{"line":43,"column":39}},"loc":{"start":{"line":43,"column":44},"end":{"line":46,"column":3}},"line":43},"3":{"name":"(anonymous_3)","decl":{"start":{"line":48,"column":27},"end":{"line":48,"column":28}},"loc":{"start":{"line":48,"column":34},"end":{"line":52,"column":3}},"line":48},"4":{"name":"(anonymous_4)","decl":{"start":{"line":49,"column":4},"end":{"line":49,"column":5}},"loc":{"start":{"line":49,"column":12},"end":{"line":51,"column":5}},"line":49},"5":{"name":"(anonymous_5)","decl":{"start":{"line":54,"column":12},"end":{"line":54,"column":13}},"loc":{"start":{"line":54,"column":18},"end":{"line":68,"column":3}},"line":54},"6":{"name":"(anonymous_6)","decl":{"start":{"line":59,"column":6},"end":{"line":59,"column":7}},"loc":{"start":{"line":59,"column":32},"end":{"line":62,"column":7}},"line":59},"7":{"name":"(anonymous_7)","decl":{"start":{"line":63,"column":6},"end":{"line":63,"column":7}},"loc":{"start":{"line":63,"column":19},"end":{"line":66,"column":7}},"line":63},"8":{"name":"(anonymous_8)","decl":{"start":{"line":84,"column":22},"end":{"line":84,"column":23}},"loc":{"start":{"line":84,"column":33},"end":{"line":86,"column":9}},"line":84}},"branchMap":{"0":{"loc":{"start":{"line":33,"column":25},"end":{"line":33,"column":42}},"type":"default-arg","locations":[{"start":{"line":33,"column":40},"end":{"line":33,"column":42}}],"line":33},"1":{"loc":{"start":{"line":75,"column":15},"end":{"line":75,"column":60}},"type":"cond-expr","locations":[{"start":{"line":75,"column":39},"end":{"line":75,"column":48}},{"start":{"line":75,"column":51},"end":{"line":75,"column":60}}],"line":75},"2":{"loc":{"start":{"line":75,"column":15},"end":{"line":75,"column":36}},"type":"binary-expr","locations":[{"start":{"line":75,"column":15},"end":{"line":75,"column":24}},{"start":{"line":75,"column":28},"end":{"line":75,"column":36}}],"line":75}},"s":{"0":1,"1":2,"2":2,"3":2,"4":2,"5":2,"6":2,"7":0,"8":2,"9":0,"10":0,"11":2,"12":1,"13":0,"14":2,"15":2,"16":0,"17":0,"18":0,"19":0,"20":2,"21":0},"f":{"0":2,"1":0,"2":0,"3":1,"4":0,"5":2,"6":0,"7":0,"8":0},"b":{"0":[2],"1":[0,2],"2":[2,2]},"_coverageSchema":"43e27e138ebf9cfc5966b082cf9a028302ed4184","hash":"12254ed3146a098a9675db6657ea75b41a8d418e"}
,"/home/noboru/projects/rocketseat/ts-bootcamp/gobarber-mobile-typescript/src/hooks/auth.tsx": {"path":"/home/noboru/projects/rocketseat/ts-bootcamp/gobarber-mobile-typescript/src/hooks/auth.tsx","statementMap":{"0":{"start":{"line":29,"column":20},"end":{"line":29,"column":73}},"1":{"start":{"line":31,"column":31},"end":{"line":76,"column":1}},"2":{"start":{"line":32,"column":26},"end":{"line":32,"column":62}},"3":{"start":{"line":33,"column":32},"end":{"line":33,"column":46}},"4":{"start":{"line":35,"column":2},"end":{"line":50,"column":9}},"5":{"start":{"line":37,"column":28},"end":{"line":40,"column":8}},"6":{"start":{"line":42,"column":6},"end":{"line":44,"column":7}},"7":{"start":{"line":43,"column":8},"end":{"line":43,"column":64}},"8":{"start":{"line":46,"column":6},"end":{"line":46,"column":24}},"9":{"start":{"line":49,"column":4},"end":{"line":49,"column":23}},"10":{"start":{"line":52,"column":17},"end":{"line":63,"column":8}},"11":{"start":{"line":53,"column":21},"end":{"line":53,"column":68}},"12":{"start":{"line":55,"column":28},"end":{"line":55,"column":41}},"13":{"start":{"line":57,"column":4},"end":{"line":60,"column":7}},"14":{"start":{"line":62,"column":4},"end":{"line":62,"column":29}},"15":{"start":{"line":65,"column":18},"end":{"line":69,"column":8}},"16":{"start":{"line":66,"column":4},"end":{"line":66,"column":74}},"17":{"start":{"line":68,"column":4},"end":{"line":68,"column":29}},"18":{"start":{"line":71,"column":2},"end":{"line":75,"column":4}},"19":{"start":{"line":79,"column":18},"end":{"line":79,"column":41}},"20":{"start":{"line":81,"column":2},"end":{"line":83,"column":3}},"21":{"start":{"line":82,"column":4},"end":{"line":82,"column":67}},"22":{"start":{"line":85,"column":2},"end":{"line":85,"column":17}}},"fnMap":{"0":{"name":"(anonymous_0)","decl":{"start":{"line":31,"column":31},"end":{"line":31,"column":32}},"loc":{"start":{"line":31,"column":49},"end":{"line":76,"column":1}},"line":31},"1":{"name":"(anonymous_1)","decl":{"start":{"line":35,"column":12},"end":{"line":35,"column":13}},"loc":{"start":{"line":35,"column":18},"end":{"line":50,"column":3}},"line":35},"2":{"name":"loadStoragedData","decl":{"start":{"line":36,"column":19},"end":{"line":36,"column":35}},"loc":{"start":{"line":36,"column":53},"end":{"line":47,"column":5}},"line":36},"3":{"name":"(anonymous_3)","decl":{"start":{"line":52,"column":29},"end":{"line":52,"column":30}},"loc":{"start":{"line":52,"column":60},"end":{"line":63,"column":3}},"line":52},"4":{"name":"(anonymous_4)","decl":{"start":{"line":65,"column":30},"end":{"line":65,"column":31}},"loc":{"start":{"line":65,"column":42},"end":{"line":69,"column":3}},"line":65},"5":{"name":"useAuth","decl":{"start":{"line":78,"column":9},"end":{"line":78,"column":16}},"loc":{"start":{"line":78,"column":36},"end":{"line":86,"column":1}},"line":78}},"branchMap":{"0":{"loc":{"start":{"line":42,"column":6},"end":{"line":44,"column":7}},"type":"if","locations":[{"start":{"line":42,"column":6},"end":{"line":44,"column":7}},{"start":{"line":42,"column":6},"end":{"line":44,"column":7}}],"line":42},"1":{"loc":{"start":{"line":42,"column":10},"end":{"line":42,"column":29}},"type":"binary-expr","locations":[{"start":{"line":42,"column":10},"end":{"line":42,"column":18}},{"start":{"line":42,"column":22},"end":{"line":42,"column":29}}],"line":42},"2":{"loc":{"start":{"line":81,"column":2},"end":{"line":83,"column":3}},"type":"if","locations":[{"start":{"line":81,"column":2},"end":{"line":83,"column":3}},{"start":{"line":81,"column":2},"end":{"line":83,"column":3}}],"line":81}},"s":{"0":1,"1":1,"2":0,"3":0,"4":0,"5":0,"6":0,"7":0,"8":0,"9":0,"10":0,"11":0,"12":0,"13":0,"14":0,"15":0,"16":0,"17":0,"18":0,"19":1,"20":1,"21":0,"22":1},"f":{"0":0,"1":0,"2":0,"3":0,"4":0,"5":1},"b":{"0":[0,0],"1":[0,0],"2":[0,1]},"_coverageSchema":"43e27e138ebf9cfc5966b082cf9a028302ed4184","hash":"202777d79936a048d1cd4bfc71e7a80080801be2"}
,"/home/noboru/projects/rocketseat/ts-bootcamp/gobarber-mobile-typescript/src/pages/AppointmentCreated/index.tsx": {"path":"/home/noboru/projects/rocketseat/ts-bootcamp/gobarber-mobile-typescript/src/pages/AppointmentCreated/index.tsx","statementMap":{"0":{"start":{"line":4,"column":37},"end":{"line":6,"column":1}},"1":{"start":{"line":5,"column":2},"end":{"line":5,"column":18}}},"fnMap":{"0":{"name":"(anonymous_0)","decl":{"start":{"line":4,"column":37},"end":{"line":4,"column":38}},"loc":{"start":{"line":4,"column":43},"end":{"line":6,"column":1}},"line":4}},"branchMap":{},"s":{"0":0,"1":0},"f":{"0":0},"b":{},"hash":"ff676276401cc0a450d8cb2f2f92c7b573c33675"}
,"/home/noboru/projects/rocketseat/ts-bootcamp/gobarber-mobile-typescript/src/pages/CreateAppointment/index.tsx": {"path":"/home/noboru/projects/rocketseat/ts-bootcamp/gobarber-mobile-typescript/src/pages/CreateAppointment/index.tsx","statementMap":{"0":{"start":{"line":4,"column":36},"end":{"line":6,"column":1}},"1":{"start":{"line":5,"column":2},"end":{"line":5,"column":18}}},"fnMap":{"0":{"name":"(anonymous_0)","decl":{"start":{"line":4,"column":36},"end":{"line":4,"column":37}},"loc":{"start":{"line":4,"column":42},"end":{"line":6,"column":1}},"line":4}},"branchMap":{},"s":{"0":0,"1":0},"f":{"0":0},"b":{},"hash":"e2d770f0f9429e122d049253b1ddd9c823b23980"}
,"/home/noboru/projects/rocketseat/ts-bootcamp/gobarber-mobile-typescript/src/pages/Dashboard/index.tsx": {"path":"/home/noboru/projects/rocketseat/ts-bootcamp/gobarber-mobile-typescript/src/pages/Dashboard/index.tsx","statementMap":{"0":{"start":{"line":7,"column":28},"end":{"line":20,"column":1}},"1":{"start":{"line":8,"column":22},"end":{"line":8,"column":31}},"2":{"start":{"line":10,"column":2},"end":{"line":19,"column":4}}},"fnMap":{"0":{"name":"(anonymous_0)","decl":{"start":{"line":7,"column":28},"end":{"line":7,"column":29}},"loc":{"start":{"line":7,"column":34},"end":{"line":20,"column":1}},"line":7}},"branchMap":{},"s":{"0":0,"1":0,"2":0},"f":{"0":0},"b":{},"hash":"380bbc80ebdcd2e58119676f79fca3a6d194256c"}
,"/home/noboru/projects/rocketseat/ts-bootcamp/gobarber-mobile-typescript/src/pages/Profile/index.tsx": {"path":"/home/noboru/projects/rocketseat/ts-bootcamp/gobarber-mobile-typescript/src/pages/Profile/index.tsx","statementMap":{"0":{"start":{"line":4,"column":26},"end":{"line":6,"column":1}},"1":{"start":{"line":5,"column":2},"end":{"line":5,"column":18}}},"fnMap":{"0":{"name":"(anonymous_0)","decl":{"start":{"line":4,"column":26},"end":{"line":4,"column":27}},"loc":{"start":{"line":4,"column":32},"end":{"line":6,"column":1}},"line":4}},"branchMap":{},"s":{"0":0,"1":0},"f":{"0":0},"b":{},"hash":"8996d6b05779148103989b2e52b38e7070dfe991"}
,"/home/noboru/projects/rocketseat/ts-bootcamp/gobarber-mobile-typescript/src/pages/SignIn/index.tsx": {"path":"/home/noboru/projects/rocketseat/ts-bootcamp/gobarber-mobile-typescript/src/pages/SignIn/index.tsx","statementMap":{"0":{"start":{"line":40,"column":25},"end":{"line":151,"column":1}},"1":{"start":{"line":41,"column":18},"end":{"line":41,"column":43}},"2":{"start":{"line":42,"column":27},"end":{"line":42,"column":50}},"3":{"start":{"line":43,"column":21},"end":{"line":43,"column":36}},"4":{"start":{"line":45,"column":21},"end":{"line":45,"column":30}},"5":{"start":{"line":47,"column":23},"end":{"line":79,"column":8}},"6":{"start":{"line":48,"column":4},"end":{"line":78,"column":5}},"7":{"start":{"line":49,"column":6},"end":{"line":49,"column":37}},"8":{"start":{"line":51,"column":21},"end":{"line":56,"column":8}},"9":{"start":{"line":58,"column":6},"end":{"line":60,"column":9}},"10":{"start":{"line":62,"column":34},"end":{"line":62,"column":38}},"11":{"start":{"line":64,"column":6},"end":{"line":64,"column":40}},"12":{"start":{"line":66,"column":6},"end":{"line":72,"column":7}},"13":{"start":{"line":67,"column":23},"end":{"line":67,"column":47}},"14":{"start":{"line":69,"column":8},"end":{"line":69,"column":43}},"15":{"start":{"line":71,"column":8},"end":{"line":71,"column":15}},"16":{"start":{"line":74,"column":6},"end":{"line":77,"column":8}},"17":{"start":{"line":81,"column":2},"end":{"line":150,"column":4}},"18":{"start":{"line":109,"column":18},"end":{"line":109,"column":52}},"19":{"start":{"line":121,"column":18},"end":{"line":121,"column":48}},"20":{"start":{"line":127,"column":18},"end":{"line":127,"column":48}},"21":{"start":{"line":136,"column":16},"end":{"line":136,"column":36}},"22":{"start":{"line":145,"column":42},"end":{"line":145,"column":71}}},"fnMap":{"0":{"name":"(anonymous_0)","decl":{"start":{"line":40,"column":25},"end":{"line":40,"column":26}},"loc":{"start":{"line":40,"column":31},"end":{"line":151,"column":1}},"line":40},"1":{"name":"(anonymous_1)","decl":{"start":{"line":47,"column":35},"end":{"line":47,"column":36}},"loc":{"start":{"line":47,"column":67},"end":{"line":79,"column":3}},"line":47},"2":{"name":"(anonymous_2)","decl":{"start":{"line":108,"column":33},"end":{"line":108,"column":34}},"loc":{"start":{"line":108,"column":39},"end":{"line":110,"column":17}},"line":108},"3":{"name":"(anonymous_3)","decl":{"start":{"line":120,"column":33},"end":{"line":120,"column":34}},"loc":{"start":{"line":120,"column":39},"end":{"line":122,"column":17}},"line":120},"4":{"name":"(anonymous_4)","decl":{"start":{"line":126,"column":25},"end":{"line":126,"column":26}},"loc":{"start":{"line":126,"column":31},"end":{"line":128,"column":17}},"line":126},"5":{"name":"(anonymous_5)","decl":{"start":{"line":135,"column":23},"end":{"line":135,"column":24}},"loc":{"start":{"line":135,"column":29},"end":{"line":137,"column":15}},"line":135},"6":{"name":"(anonymous_6)","decl":{"start":{"line":145,"column":36},"end":{"line":145,"column":37}},"loc":{"start":{"line":145,"column":42},"end":{"line":145,"column":71}},"line":145}},"branchMap":{"0":{"loc":{"start":{"line":66,"column":6},"end":{"line":72,"column":7}},"type":"if","locations":[{"start":{"line":66,"column":6},"end":{"line":72,"column":7}},{"start":{"line":66,"column":6},"end":{"line":72,"column":7}}],"line":66},"1":{"loc":{"start":{"line":85,"column":18},"end":{"line":85,"column":63}},"type":"cond-expr","locations":[{"start":{"line":85,"column":42},"end":{"line":85,"column":51}},{"start":{"line":85,"column":54},"end":{"line":85,"column":63}}],"line":85}},"s":{"0":1,"1":1,"2":1,"3":1,"4":1,"5":1,"6":0,"7":0,"8":0,"9":0,"10":0,"11":0,"12":0,"13":0,"14":0,"15":0,"16":0,"17":1,"18":0,"19":0,"20":0,"21":0,"22":0},"f":{"0":1,"1":0,"2":0,"3":0,"4":0,"5":0,"6":0},"b":{"0":[0,0],"1":[1,0]},"_coverageSchema":"43e27e138ebf9cfc5966b082cf9a028302ed4184","hash":"f4ca94030c48e9cf319543e31f56422e1a1f74b8"}
,"/home/noboru/projects/rocketseat/ts-bootcamp/gobarber-mobile-typescript/src/pages/SignUp/index.tsx": {"path":"/home/noboru/projects/rocketseat/ts-bootcamp/gobarber-mobile-typescript/src/pages/SignUp/index.tsx","statementMap":{"0":{"start":{"line":34,"column":25},"end":{"line":160,"column":1}},"1":{"start":{"line":35,"column":18},"end":{"line":35,"column":43}},"2":{"start":{"line":36,"column":24},"end":{"line":36,"column":47}},"3":{"start":{"line":37,"column":27},"end":{"line":37,"column":50}},"4":{"start":{"line":38,"column":21},"end":{"line":38,"column":36}},"5":{"start":{"line":40,"column":23},"end":{"line":83,"column":3}},"6":{"start":{"line":42,"column":6},"end":{"line":80,"column":7}},"7":{"start":{"line":43,"column":8},"end":{"line":43,"column":39}},"8":{"start":{"line":45,"column":23},"end":{"line":51,"column":10}},"9":{"start":{"line":53,"column":8},"end":{"line":55,"column":11}},"10":{"start":{"line":57,"column":42},"end":{"line":57,"column":46}},"11":{"start":{"line":59,"column":8},"end":{"line":59,"column":60}},"12":{"start":{"line":61,"column":8},"end":{"line":61,"column":28}},"13":{"start":{"line":63,"column":8},"end":{"line":66,"column":10}},"14":{"start":{"line":68,"column":8},"end":{"line":74,"column":9}},"15":{"start":{"line":69,"column":25},"end":{"line":69,"column":49}},"16":{"start":{"line":71,"column":10},"end":{"line":71,"column":45}},"17":{"start":{"line":73,"column":10},"end":{"line":73,"column":17}},"18":{"start":{"line":76,"column":8},"end":{"line":79,"column":10}},"19":{"start":{"line":85,"column":2},"end":{"line":159,"column":4}},"20":{"start":{"line":111,"column":18},"end":{"line":111,"column":49}},"21":{"start":{"line":125,"column":18},"end":{"line":125,"column":52}},"22":{"start":{"line":138,"column":18},"end":{"line":138,"column":48}},"23":{"start":{"line":144,"column":18},"end":{"line":144,"column":48}},"24":{"start":{"line":154,"column":35},"end":{"line":154,"column":54}}},"fnMap":{"0":{"name":"(anonymous_0)","decl":{"start":{"line":34,"column":25},"end":{"line":34,"column":26}},"loc":{"start":{"line":34,"column":31},"end":{"line":160,"column":1}},"line":34},"1":{"name":"(anonymous_1)","decl":{"start":{"line":41,"column":4},"end":{"line":41,"column":5}},"loc":{"start":{"line":41,"column":36},"end":{"line":81,"column":5}},"line":41},"2":{"name":"(anonymous_2)","decl":{"start":{"line":110,"column":33},"end":{"line":110,"column":34}},"loc":{"start":{"line":110,"column":39},"end":{"line":112,"column":17}},"line":110},"3":{"name":"(anonymous_3)","decl":{"start":{"line":124,"column":33},"end":{"line":124,"column":34}},"loc":{"start":{"line":124,"column":39},"end":{"line":126,"column":17}},"line":124},"4":{"name":"(anonymous_4)","decl":{"start":{"line":137,"column":33},"end":{"line":137,"column":34}},"loc":{"start":{"line":137,"column":39},"end":{"line":139,"column":17}},"line":137},"5":{"name":"(anonymous_5)","decl":{"start":{"line":143,"column":25},"end":{"line":143,"column":26}},"loc":{"start":{"line":143,"column":31},"end":{"line":145,"column":17}},"line":143},"6":{"name":"(anonymous_6)","decl":{"start":{"line":154,"column":29},"end":{"line":154,"column":30}},"loc":{"start":{"line":154,"column":35},"end":{"line":154,"column":54}},"line":154}},"branchMap":{"0":{"loc":{"start":{"line":68,"column":8},"end":{"line":74,"column":9}},"type":"if","locations":[{"start":{"line":68,"column":8},"end":{"line":74,"column":9}},{"start":{"line":68,"column":8},"end":{"line":74,"column":9}}],"line":68},"1":{"loc":{"start":{"line":89,"column":18},"end":{"line":89,"column":63}},"type":"cond-expr","locations":[{"start":{"line":89,"column":42},"end":{"line":89,"column":51}},{"start":{"line":89,"column":54},"end":{"line":89,"column":63}}],"line":89}},"s":{"0":0,"1":0,"2":0,"3":0,"4":0,"5":0,"6":0,"7":0,"8":0,"9":0,"10":0,"11":0,"12":0,"13":0,"14":0,"15":0,"16":0,"17":0,"18":0,"19":0,"20":0,"21":0,"22":0,"23":0,"24":0},"f":{"0":0,"1":0,"2":0,"3":0,"4":0,"5":0,"6":0},"b":{"0":[0,0],"1":[0,0]},"hash":"65923a8e3cfe35a9adcc110b8dd6472279c76213"}
}
