TN:
SF:/home/noboru/projects/rocketseat/ts-bootcamp/gobarber-mobile-typescript/src/components/Button/index.tsx
FN:10,(anonymous_0)
FNF:1
FNH:1
FNDA:1,(anonymous_0)
DA:10,1
DA:11,1
LF:2
LH:2
BRF:0
BRH:0
end_of_record
TN:
SF:/home/noboru/projects/rocketseat/ts-bootcamp/gobarber-mobile-typescript/src/components/Input/index.tsx
FN:27,(anonymous_0)
FN:39,(anonymous_1)
FN:43,(anonymous_2)
FN:48,(anonymous_3)
FN:49,(anonymous_4)
FN:54,(anonymous_5)
FN:59,(anonymous_6)
FN:63,(anonymous_7)
FN:84,(anonymous_8)
FNF:9
FNH:3
FNDA:2,(anonymous_0)
FNDA:0,(anonymous_1)
FNDA:0,(anonymous_2)
FNDA:1,(anonymous_3)
FNDA:0,(anonymous_4)
FNDA:2,(anonymous_5)
FNDA:0,(anonymous_6)
FNDA:0,(anonymous_7)
FNDA:0,(anonymous_8)
DA:27,1
DA:31,2
DA:33,2
DA:34,2
DA:36,2
DA:37,2
DA:39,2
DA:40,0
DA:43,2
DA:44,0
DA:45,0
DA:48,2
DA:50,0
DA:54,2
DA:55,2
DA:60,0
DA:61,0
DA:64,0
DA:65,0
DA:70,2
DA:85,0
LF:21
LH:12
BRDA:33,0,0,2
BRDA:75,1,0,0
BRDA:75,1,1,2
BRDA:75,2,0,2
BRDA:75,2,1,2
BRF:5
BRH:4
end_of_record
TN:
SF:/home/noboru/projects/rocketseat/ts-bootcamp/gobarber-mobile-typescript/src/hooks/auth.tsx
FN:31,(anonymous_0)
FN:35,(anonymous_1)
FN:36,loadStoragedData
FN:52,(anonymous_3)
FN:65,(anonymous_4)
FN:78,useAuth
FNF:6
FNH:1
FNDA:0,(anonymous_0)
FNDA:0,(anonymous_1)
FNDA:0,loadStoragedData
FNDA:0,(anonymous_3)
FNDA:0,(anonymous_4)
FNDA:1,useAuth
DA:29,1
DA:31,1
DA:32,0
DA:33,0
DA:35,0
DA:37,0
DA:42,0
DA:43,0
DA:46,0
DA:49,0
DA:52,0
DA:53,0
DA:55,0
DA:57,0
DA:62,0
DA:65,0
DA:66,0
DA:68,0
DA:71,0
DA:79,1
DA:81,1
DA:82,0
DA:85,1
LF:23
LH:5
BRDA:42,0,0,0
BRDA:42,0,1,0
BRDA:42,1,0,0
BRDA:42,1,1,0
BRDA:81,2,0,0
BRDA:81,2,1,1
BRF:6
BRH:1
end_of_record
TN:
SF:/home/noboru/projects/rocketseat/ts-bootcamp/gobarber-mobile-typescript/src/pages/AppointmentCreated/index.tsx
FN:4,(anonymous_0)
FNF:1
FNH:0
FNDA:0,(anonymous_0)
DA:4,0
DA:5,0
LF:2
LH:0
BRF:0
BRH:0
end_of_record
TN:
SF:/home/noboru/projects/rocketseat/ts-bootcamp/gobarber-mobile-typescript/src/pages/CreateAppointment/index.tsx
FN:4,(anonymous_0)
FNF:1
FNH:0
FNDA:0,(anonymous_0)
DA:4,0
DA:5,0
LF:2
LH:0
BRF:0
BRH:0
end_of_record
TN:
SF:/home/noboru/projects/rocketseat/ts-bootcamp/gobarber-mobile-typescript/src/pages/Dashboard/index.tsx
FN:7,(anonymous_0)
FNF:1
FNH:0
FNDA:0,(anonymous_0)
DA:7,0
DA:8,0
DA:10,0
LF:3
LH:0
BRF:0
BRH:0
end_of_record
TN:
SF:/home/noboru/projects/rocketseat/ts-bootcamp/gobarber-mobile-typescript/src/pages/Profile/index.tsx
FN:4,(anonymous_0)
FNF:1
FNH:0
FNDA:0,(anonymous_0)
DA:4,0
DA:5,0
LF:2
LH:0
BRF:0
BRH:0
end_of_record
TN:
SF:/home/noboru/projects/rocketseat/ts-bootcamp/gobarber-mobile-typescript/src/pages/SignIn/index.tsx
FN:40,(anonymous_0)
FN:47,(anonymous_1)
FN:108,(anonymous_2)
FN:120,(anonymous_3)
FN:126,(anonymous_4)
FN:135,(anonymous_5)
FN:145,(anonymous_6)
FNF:7
FNH:1
FNDA:1,(anonymous_0)
FNDA:0,(anonymous_1)
FNDA:0,(anonymous_2)
FNDA:0,(anonymous_3)
FNDA:0,(anonymous_4)
FNDA:0,(anonymous_5)
FNDA:0,(anonymous_6)
DA:40,1
DA:41,1
DA:42,1
DA:43,1
DA:45,1
DA:47,1
DA:48,0
DA:49,0
DA:51,0
DA:58,0
DA:62,0
DA:64,0
DA:66,0
DA:67,0
DA:69,0
DA:71,0
DA:74,0
DA:81,1
DA:109,0
DA:121,0
DA:127,0
DA:136,0
DA:145,0
LF:23
LH:7
BRDA:66,0,0,0
BRDA:66,0,1,0
BRDA:85,1,0,1
BRDA:85,1,1,0
BRF:4
BRH:1
end_of_record
TN:
SF:/home/noboru/projects/rocketseat/ts-bootcamp/gobarber-mobile-typescript/src/pages/SignUp/index.tsx
FN:34,(anonymous_0)
FN:41,(anonymous_1)
FN:110,(anonymous_2)
FN:124,(anonymous_3)
FN:137,(anonymous_4)
FN:143,(anonymous_5)
FN:154,(anonymous_6)
FNF:7
FNH:0
FNDA:0,(anonymous_0)
FNDA:0,(anonymous_1)
FNDA:0,(anonymous_2)
FNDA:0,(anonymous_3)
FNDA:0,(anonymous_4)
FNDA:0,(anonymous_5)
FNDA:0,(anonymous_6)
DA:34,0
DA:35,0
DA:36,0
DA:37,0
DA:38,0
DA:40,0
DA:42,0
DA:43,0
DA:45,0
DA:53,0
DA:57,0
DA:59,0
DA:61,0
DA:63,0
DA:68,0
DA:69,0
DA:71,0
DA:73,0
DA:76,0
DA:85,0
DA:111,0
DA:125,0
DA:138,0
DA:144,0
DA:154,0
LF:25
LH:0
BRDA:68,0,0,0
BRDA:68,0,1,0
BRDA:89,1,0,0
BRDA:89,1,1,0
BRF:4
BRH:0
end_of_record
